1627795134892	geckodriver	INFO	Listening on 127.0.0.1:34349
1627795134900	mozrunner::runner	INFO	Running command: "/usr/bin/firefox" "--marionette" "-foreground" "-no-remote" "-profile" "/tmp/rust_mozprofileFjFVyB"
1627795135493	Marionette	INFO	Marionette enabled
console.info: MINT: Trying to use the system region (based on LANG).
console.info: MINT: System region is US
console.warn: SearchSettings: "get: No settings file exists, new profile?" (new NotFoundError("Could not open the file at /tmp/rust_mozprofileFjFVyB/search.json.mozlz4", (void 0)))
console.info: MINT: Loading search-config defaults.
JavaScript error: resource://gre/modules/TelemetryUtils.jsm, line 154: TypeError: date is undefined
1627795137683	Marionette	INFO	Listening on port 40493
1627795137740	Marionette	WARN	TLS certificate errors will be ignored for this session
JavaScript error: resource:///actors/FormValidationChild.jsm, line 177: TypeError: this._element is null
JavaScript error: resource://gre/actors/AutoCompleteChild.jsm, line 125: Error: Invalid autocomplete selectedIndex
1627795140728	Marionette	INFO	Stopped listening on port 40493
1627874507043	geckodriver	INFO	Listening on 127.0.0.1:48329
1627874507049	mozrunner::runner	INFO	Running command: "/usr/bin/firefox" "--marionette" "-foreground" "-no-remote" "-profile" "/tmp/rust_mozprofilequ0GRK"
1627874507880	Marionette	INFO	Marionette enabled
console.info: MINT: Trying to use the system region (based on LANG).
console.info: MINT: System region is US
console.warn: SearchSettings: "get: No settings file exists, new profile?" (new NotFoundError("Could not open the file at /tmp/rust_mozprofilequ0GRK/search.json.mozlz4", (void 0)))
console.info: MINT: Loading search-config defaults.
JavaScript error: resource://gre/modules/TelemetryUtils.jsm, line 154: TypeError: date is undefined
1627874510827	Marionette	INFO	Listening on port 33735
1627874510911	Marionette	WARN	TLS certificate errors will be ignored for this session
1627874526772	Marionette	INFO	Stopped listening on port 33735

###!!! [Parent][RunMessage] Error: Channel closing: too late to send/recv, messages will be lost

1627874568041	geckodriver	INFO	Listening on 127.0.0.1:49605
1627874568048	mozrunner::runner	INFO	Running command: "/usr/bin/firefox" "--marionette" "-foreground" "-no-remote" "-profile" "/tmp/rust_mozprofiletUQzfB"
1627874568850	Marionette	INFO	Marionette enabled
console.info: MINT: Trying to use the system region (based on LANG).
console.info: MINT: System region is US
console.warn: SearchSettings: "get: No settings file exists, new profile?" (new NotFoundError("Could not open the file at /tmp/rust_mozprofiletUQzfB/search.json.mozlz4", (void 0)))
console.info: MINT: Loading search-config defaults.
JavaScript error: resource://gre/modules/TelemetryUtils.jsm, line 154: TypeError: date is undefined
1627874571391	Marionette	INFO	Listening on port 45273
1627874571491	Marionette	WARN	TLS certificate errors will be ignored for this session
1627874576022	Marionette	INFO	Stopped listening on port 45273
1627874629491	geckodriver	INFO	Listening on 127.0.0.1:55633
1627874629499	mozrunner::runner	INFO	Running command: "/usr/bin/firefox" "--marionette" "-foreground" "-no-remote" "-profile" "/tmp/rust_mozprofileyygPzU"
1627874630301	Marionette	INFO	Marionette enabled
console.info: MINT: Trying to use the system region (based on LANG).
console.info: MINT: System region is US
console.warn: SearchSettings: "get: No settings file exists, new profile?" (new NotFoundError("Could not open the file at /tmp/rust_mozprofileyygPzU/search.json.mozlz4", (void 0)))
console.info: MINT: Loading search-config defaults.
JavaScript error: resource://gre/modules/TelemetryUtils.jsm, line 154: TypeError: date is undefined
1627874632815	Marionette	INFO	Listening on port 33313
1627874632945	Marionette	WARN	TLS certificate errors will be ignored for this session
1627874636719	Marionette	INFO	Stopped listening on port 33313
1627875418478	geckodriver	INFO	Listening on 127.0.0.1:34035
1627875418485	mozrunner::runner	INFO	Running command: "/usr/bin/firefox" "--marionette" "-foreground" "-no-remote" "-profile" "/tmp/rust_mozprofilek19QUI"
1627875419277	Marionette	INFO	Marionette enabled
console.info: MINT: Trying to use the system region (based on LANG).
console.info: MINT: System region is US
console.warn: SearchSettings: "get: No settings file exists, new profile?" (new NotFoundError("Could not open the file at /tmp/rust_mozprofilek19QUI/search.json.mozlz4", (void 0)))
console.info: MINT: Loading search-config defaults.
JavaScript error: resource://gre/modules/TelemetryUtils.jsm, line 154: TypeError: date is undefined
1627875421807	Marionette	INFO	Listening on port 39523
1627875421928	Marionette	WARN	TLS certificate errors will be ignored for this session
1627875425516	Marionette	INFO	Stopped listening on port 39523
1627876959706	geckodriver	INFO	Listening on 127.0.0.1:50891
1627876960711	mozrunner::runner	INFO	Running command: "/usr/bin/firefox" "--marionette" "-foreground" "-no-remote" "-profile" "/tmp/rust_mozprofileW1RYPP"
1627876961580	Marionette	INFO	Marionette enabled
console.info: MINT: Trying to use the system region (based on LANG).
console.info: MINT: System region is US
console.warn: SearchSettings: "get: No settings file exists, new profile?" (new NotFoundError("Could not open the file at /tmp/rust_mozprofileW1RYPP/search.json.mozlz4", (void 0)))
console.info: MINT: Loading search-config defaults.
JavaScript error: resource://gre/modules/TelemetryUtils.jsm, line 154: TypeError: date is undefined
1627876964446	Marionette	INFO	Listening on port 37155
1627876964567	Marionette	WARN	TLS certificate errors will be ignored for this session
1627876989868	Marionette	INFO	Stopped listening on port 37155

###!!! [Parent][RunMessage] Error: Channel closing: too late to send/recv, messages will be lost

1627877066520	geckodriver	INFO	Listening on 127.0.0.1:56555
1627877066526	mozrunner::runner	INFO	Running command: "/usr/bin/firefox" "--marionette" "-foreground" "-no-remote" "-profile" "/tmp/rust_mozprofileMuJW1D"
1627877067324	Marionette	INFO	Marionette enabled
console.info: MINT: Trying to use the system region (based on LANG).
console.info: MINT: System region is US
console.warn: SearchSettings: "get: No settings file exists, new profile?" (new NotFoundError("Could not open the file at /tmp/rust_mozprofileMuJW1D/search.json.mozlz4", (void 0)))
console.info: MINT: Loading search-config defaults.
JavaScript error: resource://gre/modules/TelemetryUtils.jsm, line 154: TypeError: date is undefined
1627877069751	Marionette	INFO	Listening on port 38095
1627877069881	Marionette	WARN	TLS certificate errors will be ignored for this session
1627877129686	geckodriver	INFO	Listening on 127.0.0.1:39705
1627877129693	mozrunner::runner	INFO	Running command: "/usr/bin/firefox" "--marionette" "-foreground" "-no-remote" "-profile" "/tmp/rust_mozprofile0MHOr8"
1627877130614	Marionette	INFO	Marionette enabled
console.info: MINT: Trying to use the system region (based on LANG).
console.info: MINT: System region is US
console.warn: SearchSettings: "get: No settings file exists, new profile?" (new NotFoundError("Could not open the file at /tmp/rust_mozprofile0MHOr8/search.json.mozlz4", (void 0)))
console.info: MINT: Loading search-config defaults.
JavaScript error: resource://gre/modules/TelemetryUtils.jsm, line 154: TypeError: date is undefined
1627877133084	Marionette	INFO	Listening on port 36247
1627877133148	Marionette	WARN	TLS certificate errors will be ignored for this session
1627877143640	Marionette	INFO	Stopped listening on port 36247

###!!! [Parent][RunMessage] Error: Channel closing: too late to send/recv, messages will be lost

1627877147228	Marionette	INFO	Stopped listening on port 38095
1627877201233	geckodriver	INFO	Listening on 127.0.0.1:36827
1627877201241	mozrunner::runner	INFO	Running command: "/usr/bin/firefox" "--marionette" "-foreground" "-no-remote" "-profile" "/tmp/rust_mozprofile9HvVtG"
1627877202216	Marionette	INFO	Marionette enabled
console.info: MINT: Trying to use the system region (based on LANG).
console.info: MINT: System region is US
console.warn: SearchSettings: "get: No settings file exists, new profile?" (new NotFoundError("Could not open the file at /tmp/rust_mozprofile9HvVtG/search.json.mozlz4", (void 0)))
console.info: MINT: Loading search-config defaults.
JavaScript error: resource://gre/modules/TelemetryUtils.jsm, line 154: TypeError: date is undefined
1627877204842	Marionette	INFO	Listening on port 46373
1627877204892	Marionette	WARN	TLS certificate errors will be ignored for this session
1627877214533	Marionette	INFO	Stopped listening on port 46373

###!!! [Parent][RunMessage] Error: Channel closing: too late to send/recv, messages will be lost

1627877247680	geckodriver	INFO	Listening on 127.0.0.1:55397
1627877247693	mozrunner::runner	INFO	Running command: "/usr/bin/firefox" "--marionette" "-foreground" "-no-remote" "-profile" "/tmp/rust_mozprofileZwC13i"
1627877248918	Marionette	INFO	Marionette enabled
console.info: MINT: Trying to use the system region (based on LANG).
console.info: MINT: System region is US
console.warn: SearchSettings: "get: No settings file exists, new profile?" (new NotFoundError("Could not open the file at /tmp/rust_mozprofileZwC13i/search.json.mozlz4", (void 0)))
console.info: MINT: Loading search-config defaults.
JavaScript error: resource://gre/modules/TelemetryUtils.jsm, line 154: TypeError: date is undefined
1627877253610	Marionette	INFO	Listening on port 44973
1627877253676	Marionette	WARN	TLS certificate errors will be ignored for this session

(firefox:21039): GLib-GObject-CRITICAL **: 00:07:36.498: g_type_add_interface_static: assertion 'g_type_parent (interface_type) == G_TYPE_INTERFACE' failed

(firefox:21039): GLib-GObject-CRITICAL **: 00:07:36.498: g_type_add_interface_static: assertion 'g_type_parent (interface_type) == G_TYPE_INTERFACE' failed

(firefox:21039): GLib-GObject-CRITICAL **: 00:07:36.498: g_type_add_interface_static: assertion 'g_type_parent (interface_type) == G_TYPE_INTERFACE' failed

(firefox:21039): GLib-GObject-CRITICAL **: 00:07:36.499: g_type_add_interface_static: assertion 'g_type_parent (interface_type) == G_TYPE_INTERFACE' failed

(firefox:21039): GLib-GObject-CRITICAL **: 00:07:36.499: g_type_add_interface_static: assertion 'g_type_parent (interface_type) == G_TYPE_INTERFACE' failed

(firefox:21039): GLib-GObject-CRITICAL **: 00:07:36.499: g_type_add_interface_static: assertion 'g_type_parent (interface_type) == G_TYPE_INTERFACE' failed
1627877276447	Marionette	INFO	Stopped listening on port 44973
1627877321185	geckodriver	INFO	Listening on 127.0.0.1:42463
1627877321191	mozrunner::runner	INFO	Running command: "/usr/bin/firefox" "--marionette" "-foreground" "-no-remote" "-profile" "/tmp/rust_mozprofileKVdbag"
1627877322033	Marionette	INFO	Marionette enabled
console.info: MINT: Trying to use the system region (based on LANG).
console.info: MINT: System region is US
console.warn: SearchSettings: "get: No settings file exists, new profile?" (new NotFoundError("Could not open the file at /tmp/rust_mozprofileKVdbag/search.json.mozlz4", (void 0)))
console.info: MINT: Loading search-config defaults.
JavaScript error: resource://gre/modules/TelemetryUtils.jsm, line 154: TypeError: date is undefined
1627877324806	Marionette	INFO	Listening on port 33205
1627877324941	Marionette	WARN	TLS certificate errors will be ignored for this session
1627877334726	Marionette	INFO	Stopped listening on port 33205
1627877336322	geckodriver	INFO	Listening on 127.0.0.1:41337
1627877336328	mozrunner::runner	INFO	Running command: "/usr/bin/firefox" "--marionette" "-foreground" "-no-remote" "-profile" "/tmp/rust_mozprofilew6XF1x"
1627877337169	Marionette	INFO	Marionette enabled
console.info: MINT: Trying to use the system region (based on LANG).
console.info: MINT: System region is US
console.warn: SearchSettings: "get: No settings file exists, new profile?" (new NotFoundError("Could not open the file at /tmp/rust_mozprofilew6XF1x/search.json.mozlz4", (void 0)))
console.info: MINT: Loading search-config defaults.
JavaScript error: resource://gre/modules/TelemetryUtils.jsm, line 154: TypeError: date is undefined
1627877339774	Marionette	INFO	Listening on port 33111
1627877339875	Marionette	WARN	TLS certificate errors will be ignored for this session
1627877349766	Marionette	INFO	Stopped listening on port 33111
1627877389256	geckodriver	INFO	Listening on 127.0.0.1:52011
1627877389263	mozrunner::runner	INFO	Running command: "/usr/bin/firefox" "--marionette" "-foreground" "-no-remote" "-profile" "/tmp/rust_mozprofile6fUaia"
1627877390332	Marionette	INFO	Marionette enabled
console.info: MINT: Trying to use the system region (based on LANG).
console.info: MINT: System region is US
console.warn: SearchSettings: "get: No settings file exists, new profile?" (new NotFoundError("Could not open the file at /tmp/rust_mozprofile6fUaia/search.json.mozlz4", (void 0)))
console.info: MINT: Loading search-config defaults.
JavaScript error: resource://gre/modules/TelemetryUtils.jsm, line 154: TypeError: date is undefined
1627877393034	Marionette	INFO	Listening on port 33167
1627877393125	Marionette	WARN	TLS certificate errors will be ignored for this session
1627877421943	Marionette	INFO	Stopped listening on port 33167
1627877473298	geckodriver	INFO	Listening on 127.0.0.1:42125
1627877473304	mozrunner::runner	INFO	Running command: "/usr/bin/firefox" "--marionette" "-foreground" "-no-remote" "-profile" "/tmp/rust_mozprofile8ftEIN"
1627877474119	Marionette	INFO	Marionette enabled
console.info: MINT: Trying to use the system region (based on LANG).
console.info: MINT: System region is US
console.warn: SearchSettings: "get: No settings file exists, new profile?" (new NotFoundError("Could not open the file at /tmp/rust_mozprofile8ftEIN/search.json.mozlz4", (void 0)))
console.info: MINT: Loading search-config defaults.
JavaScript error: resource://gre/modules/TelemetryUtils.jsm, line 154: TypeError: date is undefined
1627877476647	Marionette	INFO	Listening on port 46491
1627877476748	Marionette	WARN	TLS certificate errors will be ignored for this session
1627877488157	Marionette	INFO	Stopped listening on port 46491
1627877709114	geckodriver	INFO	Listening on 127.0.0.1:38031
1627877709121	mozrunner::runner	INFO	Running command: "/usr/bin/firefox" "--marionette" "-foreground" "-no-remote" "-profile" "/tmp/rust_mozprofileOi2NXS"
1627877710056	Marionette	INFO	Marionette enabled
console.info: MINT: Trying to use the system region (based on LANG).
console.info: MINT: System region is US
console.warn: SearchSettings: "get: No settings file exists, new profile?" (new NotFoundError("Could not open the file at /tmp/rust_mozprofileOi2NXS/search.json.mozlz4", (void 0)))
console.info: MINT: Loading search-config defaults.
JavaScript error: resource://gre/modules/TelemetryUtils.jsm, line 154: TypeError: date is undefined
1627877713120	Marionette	INFO	Listening on port 36555
1627877713189	Marionette	WARN	TLS certificate errors will be ignored for this session
1627877734917	Marionette	INFO	Stopped listening on port 36555
1627877826986	geckodriver	INFO	Listening on 127.0.0.1:39745
1627877826992	mozrunner::runner	INFO	Running command: "/usr/bin/firefox" "--marionette" "-foreground" "-no-remote" "-profile" "/tmp/rust_mozprofilebkSbhp"
1627877827820	Marionette	INFO	Marionette enabled
console.info: MINT: Trying to use the system region (based on LANG).
console.info: MINT: System region is US
console.warn: SearchSettings: "get: No settings file exists, new profile?" (new NotFoundError("Could not open the file at /tmp/rust_mozprofilebkSbhp/search.json.mozlz4", (void 0)))
console.info: MINT: Loading search-config defaults.
JavaScript error: resource://gre/modules/TelemetryUtils.jsm, line 154: TypeError: date is undefined
1627877830446	Marionette	INFO	Listening on port 43981
1627877830538	Marionette	WARN	TLS certificate errors will be ignored for this session
1627878059494	geckodriver	INFO	Listening on 127.0.0.1:60531
1627878059499	mozrunner::runner	INFO	Running command: "/usr/bin/firefox" "--marionette" "-foreground" "-no-remote" "-profile" "/tmp/rust_mozprofileSYFTbq"
1627878060304	Marionette	INFO	Marionette enabled
console.info: MINT: Trying to use the system region (based on LANG).
console.info: MINT: System region is US
console.warn: SearchSettings: "get: No settings file exists, new profile?" (new NotFoundError("Could not open the file at /tmp/rust_mozprofileSYFTbq/search.json.mozlz4", (void 0)))
console.info: MINT: Loading search-config defaults.
JavaScript error: resource://gre/modules/TelemetryUtils.jsm, line 154: TypeError: date is undefined
1627878063502	Marionette	INFO	Listening on port 44881
1627878063578	Marionette	WARN	TLS certificate errors will be ignored for this session
1627878074091	Marionette	INFO	Stopped listening on port 44881

###!!! [Parent][RunMessage] Error: Channel closing: too late to send/recv, messages will be lost

1627878076252	Marionette	INFO	Stopped listening on port 43981
1627878078909	geckodriver	INFO	Listening on 127.0.0.1:38467
1627878078915	mozrunner::runner	INFO	Running command: "/usr/bin/firefox" "--marionette" "-foreground" "-no-remote" "-profile" "/tmp/rust_mozprofileDHW0qX"
1627878079718	Marionette	INFO	Marionette enabled
console.info: MINT: Trying to use the system region (based on LANG).
console.info: MINT: System region is US
console.warn: SearchSettings: "get: No settings file exists, new profile?" (new NotFoundError("Could not open the file at /tmp/rust_mozprofileDHW0qX/search.json.mozlz4", (void 0)))
console.info: MINT: Loading search-config defaults.
JavaScript error: resource://gre/modules/TelemetryUtils.jsm, line 154: TypeError: date is undefined
1627878082248	Marionette	INFO	Listening on port 40385
1627878082361	Marionette	WARN	TLS certificate errors will be ignored for this session
1627878253562	geckodriver	INFO	Listening on 127.0.0.1:58759
1627878253570	mozrunner::runner	INFO	Running command: "/usr/bin/firefox" "--marionette" "-foreground" "-no-remote" "-profile" "/tmp/rust_mozprofilei6ji2q"
1627878254459	Marionette	INFO	Marionette enabled
console.info: MINT: Trying to use the system region (based on LANG).
console.info: MINT: System region is US
console.warn: SearchSettings: "get: No settings file exists, new profile?" (new NotFoundError("Could not open the file at /tmp/rust_mozprofilei6ji2q/search.json.mozlz4", (void 0)))
console.info: MINT: Loading search-config defaults.
JavaScript error: resource://gre/modules/TelemetryUtils.jsm, line 154: TypeError: date is undefined
1627878257067	Marionette	INFO	Listening on port 35331
1627878257128	Marionette	WARN	TLS certificate errors will be ignored for this session
1627878290948	geckodriver	INFO	Listening on 127.0.0.1:40363
1627878290955	mozrunner::runner	INFO	Running command: "/usr/bin/firefox" "--marionette" "-foreground" "-no-remote" "-profile" "/tmp/rust_mozprofileMk7xQR"
1627878291802	Marionette	INFO	Marionette enabled
console.info: MINT: Trying to use the system region (based on LANG).
console.info: MINT: System region is US
console.warn: SearchSettings: "get: No settings file exists, new profile?" (new NotFoundError("Could not open the file at /tmp/rust_mozprofileMk7xQR/search.json.mozlz4", (void 0)))
console.info: MINT: Loading search-config defaults.
JavaScript error: resource://gre/modules/TelemetryUtils.jsm, line 154: TypeError: date is undefined
1627878294255	Marionette	INFO	Listening on port 33249
1627878294322	Marionette	WARN	TLS certificate errors will be ignored for this session
1627878336032	Marionette	INFO	Stopped listening on port 33249
1627878339441	Marionette	INFO	Stopped listening on port 35331
1627878341914	Marionette	INFO	Stopped listening on port 40385

###!!! [Parent][RunMessage] Error: Channel closing: too late to send/recv, messages will be lost

1627878597317	geckodriver	INFO	Listening on 127.0.0.1:49627
1627878597323	mozrunner::runner	INFO	Running command: "/usr/bin/firefox" "--marionette" "-foreground" "-no-remote" "-profile" "/tmp/rust_mozprofileaFwoEt"
1627878598115	Marionette	INFO	Marionette enabled
console.info: MINT: Trying to use the system region (based on LANG).
console.info: MINT: System region is US
console.warn: SearchSettings: "get: No settings file exists, new profile?" (new NotFoundError("Could not open the file at /tmp/rust_mozprofileaFwoEt/search.json.mozlz4", (void 0)))
console.info: MINT: Loading search-config defaults.
JavaScript error: resource://gre/modules/TelemetryUtils.jsm, line 154: TypeError: date is undefined
1627878600534	Marionette	INFO	Listening on port 32831
1627878600597	Marionette	WARN	TLS certificate errors will be ignored for this session
1627878686114	Marionette	INFO	Stopped listening on port 32831

###!!! [Parent][RunMessage] Error: Channel closing: too late to send/recv, messages will be lost

1627878878837	geckodriver	INFO	Listening on 127.0.0.1:48463
1627878878846	mozrunner::runner	INFO	Running command: "/usr/bin/firefox" "--marionette" "-foreground" "-no-remote" "-profile" "/tmp/rust_mozprofiledVf2yY"
1627878879648	Marionette	INFO	Marionette enabled
console.info: MINT: Trying to use the system region (based on LANG).
console.info: MINT: System region is US
console.warn: SearchSettings: "get: No settings file exists, new profile?" (new NotFoundError("Could not open the file at /tmp/rust_mozprofiledVf2yY/search.json.mozlz4", (void 0)))
console.info: MINT: Loading search-config defaults.
JavaScript error: resource://gre/modules/TelemetryUtils.jsm, line 154: TypeError: date is undefined
1627878882019	Marionette	INFO	Listening on port 42813
1627878882115	Marionette	WARN	TLS certificate errors will be ignored for this session
1627878917058	Marionette	INFO	Stopped listening on port 42813

###!!! [Parent][RunMessage] Error: Channel closing: too late to send/recv, messages will be lost

1627878919956	geckodriver	INFO	Listening on 127.0.0.1:35195
1627878919964	mozrunner::runner	INFO	Running command: "/usr/bin/firefox" "--marionette" "-foreground" "-no-remote" "-profile" "/tmp/rust_mozprofilea2qFeT"
1627878920794	Marionette	INFO	Marionette enabled
console.info: MINT: Trying to use the system region (based on LANG).
console.info: MINT: System region is US
console.warn: SearchSettings: "get: No settings file exists, new profile?" (new NotFoundError("Could not open the file at /tmp/rust_mozprofilea2qFeT/search.json.mozlz4", (void 0)))
console.info: MINT: Loading search-config defaults.
JavaScript error: resource://gre/modules/TelemetryUtils.jsm, line 154: TypeError: date is undefined
1627878923267	Marionette	INFO	Listening on port 42055
1627878923322	Marionette	WARN	TLS certificate errors will be ignored for this session
1627878991521	Marionette	INFO	Stopped listening on port 42055

###!!! [Parent][RunMessage] Error: Channel closing: too late to send/recv, messages will be lost

1627879663899	geckodriver	INFO	Listening on 127.0.0.1:47995
1627879663906	mozrunner::runner	INFO	Running command: "/usr/bin/firefox" "--marionette" "-foreground" "-no-remote" "-profile" "/tmp/rust_mozprofileVoTAHM"
1627879664734	Marionette	INFO	Marionette enabled
console.info: MINT: Trying to use the system region (based on LANG).
console.info: MINT: System region is US
console.warn: SearchSettings: "get: No settings file exists, new profile?" (new NotFoundError("Could not open the file at /tmp/rust_mozprofileVoTAHM/search.json.mozlz4", (void 0)))
console.info: MINT: Loading search-config defaults.
JavaScript error: resource://gre/modules/TelemetryUtils.jsm, line 154: TypeError: date is undefined
1627879667286	Marionette	INFO	Listening on port 37111
1627879667355	Marionette	WARN	TLS certificate errors will be ignored for this session
1627879701201	geckodriver	INFO	Listening on 127.0.0.1:32769
1627879701208	mozrunner::runner	INFO	Running command: "/usr/bin/firefox" "--marionette" "-foreground" "-no-remote" "-profile" "/tmp/rust_mozprofilesHEhuD"
1627879702236	Marionette	INFO	Marionette enabled
console.info: MINT: Trying to use the system region (based on LANG).
console.info: MINT: System region is US
console.warn: SearchSettings: "get: No settings file exists, new profile?" (new NotFoundError("Could not open the file at /tmp/rust_mozprofilesHEhuD/search.json.mozlz4", (void 0)))
console.info: MINT: Loading search-config defaults.
JavaScript error: resource://gre/modules/TelemetryUtils.jsm, line 154: TypeError: date is undefined
1627879704853	Marionette	INFO	Listening on port 37717
1627879704955	Marionette	WARN	TLS certificate errors will be ignored for this session
1627879734999	Marionette	INFO	Stopped listening on port 37717

###!!! [Parent][RunMessage] Error: Channel closing: too late to send/recv, messages will be lost

1627879740090	Marionette	INFO	Stopped listening on port 37111
1627879770454	geckodriver	INFO	Listening on 127.0.0.1:55731
1627879770460	mozrunner::runner	INFO	Running command: "/usr/bin/firefox" "--marionette" "-foreground" "-no-remote" "-profile" "/tmp/rust_mozprofileXKgYTC"
1627879771263	Marionette	INFO	Marionette enabled
console.info: MINT: Trying to use the system region (based on LANG).
console.info: MINT: System region is US
console.warn: SearchSettings: "get: No settings file exists, new profile?" (new NotFoundError("Could not open the file at /tmp/rust_mozprofileXKgYTC/search.json.mozlz4", (void 0)))
console.info: MINT: Loading search-config defaults.
JavaScript error: resource://gre/modules/TelemetryUtils.jsm, line 154: TypeError: date is undefined
1627879773627	Marionette	INFO	Listening on port 43853
1627879773708	Marionette	WARN	TLS certificate errors will be ignored for this session
1627879801115	Marionette	INFO	Stopped listening on port 43853

###!!! [Parent][RunMessage] Error: Channel closing: too late to send/recv, messages will be lost

1627880041426	geckodriver	INFO	Listening on 127.0.0.1:36339
1627880041432	mozrunner::runner	INFO	Running command: "/usr/bin/firefox" "--marionette" "-foreground" "-no-remote" "-profile" "/tmp/rust_mozprofilek4k7Sf"
1627880042293	Marionette	INFO	Marionette enabled
console.info: MINT: Trying to use the system region (based on LANG).
console.info: MINT: System region is US
console.warn: SearchSettings: "get: No settings file exists, new profile?" (new NotFoundError("Could not open the file at /tmp/rust_mozprofilek4k7Sf/search.json.mozlz4", (void 0)))
console.info: MINT: Loading search-config defaults.
JavaScript error: resource://gre/modules/TelemetryUtils.jsm, line 154: TypeError: date is undefined
1627880045226	Marionette	INFO	Listening on port 34191
1627880045287	Marionette	WARN	TLS certificate errors will be ignored for this session
1627880114777	Marionette	INFO	Stopped listening on port 34191

###!!! [Parent][RunMessage] Error: Channel closing: too late to send/recv, messages will be lost

1627880510661	geckodriver	INFO	Listening on 127.0.0.1:44607
1627880510668	mozrunner::runner	INFO	Running command: "/usr/bin/firefox" "--marionette" "-foreground" "-no-remote" "-profile" "/tmp/rust_mozprofileiKE3wR"
1627880511501	Marionette	INFO	Marionette enabled
console.info: MINT: Trying to use the system region (based on LANG).
console.info: MINT: System region is US
console.warn: SearchSettings: "get: No settings file exists, new profile?" (new NotFoundError("Could not open the file at /tmp/rust_mozprofileiKE3wR/search.json.mozlz4", (void 0)))
console.info: MINT: Loading search-config defaults.
JavaScript error: resource://gre/modules/TelemetryUtils.jsm, line 154: TypeError: date is undefined
1627880514003	Marionette	INFO	Listening on port 46183
1627880514117	Marionette	WARN	TLS certificate errors will be ignored for this session
1627880537442	Marionette	INFO	Stopped listening on port 46183

###!!! [Parent][RunMessage] Error: Channel closing: too late to send/recv, messages will be lost

1627880538322	geckodriver	INFO	Listening on 127.0.0.1:34561
1627880538328	mozrunner::runner	INFO	Running command: "/usr/bin/firefox" "--marionette" "-foreground" "-no-remote" "-profile" "/tmp/rust_mozprofileGAKDvm"
1627880539141	Marionette	INFO	Marionette enabled
console.info: MINT: Trying to use the system region (based on LANG).
console.info: MINT: System region is US
console.warn: SearchSettings: "get: No settings file exists, new profile?" (new NotFoundError("Could not open the file at /tmp/rust_mozprofileGAKDvm/search.json.mozlz4", (void 0)))
console.info: MINT: Loading search-config defaults.
JavaScript error: resource://gre/modules/TelemetryUtils.jsm, line 154: TypeError: date is undefined
1627880541648	Marionette	INFO	Listening on port 34513
1627880541773	Marionette	WARN	TLS certificate errors will be ignored for this session
1627880573564	geckodriver	INFO	Listening on 127.0.0.1:44479
1627880573572	mozrunner::runner	INFO	Running command: "/usr/bin/firefox" "--marionette" "-foreground" "-no-remote" "-profile" "/tmp/rust_mozprofileEfTW8c"
1627880574466	Marionette	INFO	Marionette enabled
console.info: MINT: Trying to use the system region (based on LANG).
console.info: MINT: System region is US
console.warn: SearchSettings: "get: No settings file exists, new profile?" (new NotFoundError("Could not open the file at /tmp/rust_mozprofileEfTW8c/search.json.mozlz4", (void 0)))
console.info: MINT: Loading search-config defaults.
JavaScript error: resource://gre/modules/TelemetryUtils.jsm, line 154: TypeError: date is undefined
1627880576964	Marionette	INFO	Listening on port 42509
1627880577029	Marionette	WARN	TLS certificate errors will be ignored for this session
1627880617492	geckodriver	INFO	Listening on 127.0.0.1:35491
1627880617500	mozrunner::runner	INFO	Running command: "/usr/bin/firefox" "--marionette" "-foreground" "-no-remote" "-profile" "/tmp/rust_mozprofilezEfl19"
1627880618342	Marionette	INFO	Marionette enabled
console.info: MINT: Trying to use the system region (based on LANG).
console.info: MINT: System region is US
console.warn: SearchSettings: "get: No settings file exists, new profile?" (new NotFoundError("Could not open the file at /tmp/rust_mozprofilezEfl19/search.json.mozlz4", (void 0)))
console.info: MINT: Loading search-config defaults.
JavaScript error: resource://gre/modules/TelemetryUtils.jsm, line 154: TypeError: date is undefined
1627880621054	Marionette	INFO	Listening on port 34011
1627880621151	Marionette	WARN	TLS certificate errors will be ignored for this session
1627880625738	Marionette	INFO	Stopped listening on port 34011
1627880628261	Marionette	INFO	Stopped listening on port 42509

###!!! [Parent][RunMessage] Error: Channel closing: too late to send/recv, messages will be lost

1627880631054	Marionette	INFO	Stopped listening on port 34513

###!!! [Parent][RunMessage] Error: Channel closing: too late to send/recv, messages will be lost

1627880829599	geckodriver	INFO	Listening on 127.0.0.1:59099
1627880829606	mozrunner::runner	INFO	Running command: "/usr/bin/firefox" "--marionette" "-foreground" "-no-remote" "-profile" "/tmp/rust_mozprofile6z42Gm"
1627880830539	Marionette	INFO	Marionette enabled
console.info: MINT: Trying to use the system region (based on LANG).
console.info: MINT: System region is US
console.warn: SearchSettings: "get: No settings file exists, new profile?" (new NotFoundError("Could not open the file at /tmp/rust_mozprofile6z42Gm/search.json.mozlz4", (void 0)))
console.info: MINT: Loading search-config defaults.
JavaScript error: resource://gre/modules/TelemetryUtils.jsm, line 154: TypeError: date is undefined
1627880833582	Marionette	INFO	Listening on port 36741
1627880833661	Marionette	WARN	TLS certificate errors will be ignored for this session
1627880839691	Marionette	INFO	Stopped listening on port 36741
1627880989893	geckodriver	INFO	Listening on 127.0.0.1:52631
1627880989903	mozrunner::runner	INFO	Running command: "/usr/bin/firefox" "--marionette" "-foreground" "-no-remote" "-profile" "/tmp/rust_mozprofileFKYwCf"
1627880990811	Marionette	INFO	Marionette enabled
console.info: MINT: Trying to use the system region (based on LANG).
console.info: MINT: System region is US
console.warn: SearchSettings: "get: No settings file exists, new profile?" (new NotFoundError("Could not open the file at /tmp/rust_mozprofileFKYwCf/search.json.mozlz4", (void 0)))
console.info: MINT: Loading search-config defaults.
JavaScript error: resource://gre/modules/TelemetryUtils.jsm, line 154: TypeError: date is undefined
1627880993818	Marionette	INFO	Listening on port 34615
1627880993950	Marionette	WARN	TLS certificate errors will be ignored for this session
1627881019650	geckodriver	INFO	Listening on 127.0.0.1:35799
1627881019660	mozrunner::runner	INFO	Running command: "/usr/bin/firefox" "--marionette" "-foreground" "-no-remote" "-profile" "/tmp/rust_mozprofilelXDQH0"
1627881020726	Marionette	INFO	Marionette enabled
console.info: MINT: Trying to use the system region (based on LANG).
console.info: MINT: System region is US
console.warn: SearchSettings: "get: No settings file exists, new profile?" (new NotFoundError("Could not open the file at /tmp/rust_mozprofilelXDQH0/search.json.mozlz4", (void 0)))
console.info: MINT: Loading search-config defaults.
JavaScript error: resource://gre/modules/TelemetryUtils.jsm, line 154: TypeError: date is undefined
1627881023640	Marionette	INFO	Listening on port 37125
1627881023738	Marionette	WARN	TLS certificate errors will be ignored for this session
1627881065993	geckodriver	INFO	Listening on 127.0.0.1:60477
1627881066000	mozrunner::runner	INFO	Running command: "/usr/bin/firefox" "--marionette" "-foreground" "-no-remote" "-profile" "/tmp/rust_mozprofilevxD147"
1627881066927	Marionette	INFO	Marionette enabled
console.info: MINT: Trying to use the system region (based on LANG).
console.info: MINT: System region is US
console.warn: SearchSettings: "get: No settings file exists, new profile?" (new NotFoundError("Could not open the file at /tmp/rust_mozprofilevxD147/search.json.mozlz4", (void 0)))
console.info: MINT: Loading search-config defaults.
JavaScript error: resource://gre/modules/TelemetryUtils.jsm, line 154: TypeError: date is undefined
1627881069798	Marionette	INFO	Listening on port 40633
1627881069894	Marionette	WARN	TLS certificate errors will be ignored for this session
1627881101274	geckodriver	INFO	Listening on 127.0.0.1:41127
1627881101283	mozrunner::runner	INFO	Running command: "/usr/bin/firefox" "--marionette" "-foreground" "-no-remote" "-profile" "/tmp/rust_mozprofileGclFjU"
1627881102325	Marionette	INFO	Marionette enabled
console.info: MINT: Trying to use the system region (based on LANG).
console.info: MINT: System region is US
console.warn: SearchSettings: "get: No settings file exists, new profile?" (new NotFoundError("Could not open the file at /tmp/rust_mozprofileGclFjU/search.json.mozlz4", (void 0)))
console.info: MINT: Loading search-config defaults.
JavaScript error: resource://gre/modules/TelemetryUtils.jsm, line 154: TypeError: date is undefined
1627881105428	Marionette	INFO	Listening on port 46227
1627881105555	Marionette	WARN	TLS certificate errors will be ignored for this session
Exiting due to channel error.
Exiting due to channel error.
Exiting due to channel error.
1627881116207	geckodriver	INFO	Listening on 127.0.0.1:42759
1627881117214	mozrunner::runner	INFO	Running command: "/usr/bin/firefox" "--marionette" "-foreground" "-no-remote" "-profile" "/tmp/rust_mozprofilezZnUQ1"
1627881118712	Marionette	INFO	Marionette enabled
console.info: MINT: Trying to use the system region (based on LANG).
console.info: MINT: System region is US
console.warn: SearchSettings: "get: No settings file exists, new profile?" (new NotFoundError("Could not open the file at /tmp/rust_mozprofilezZnUQ1/search.json.mozlz4", (void 0)))
console.info: MINT: Loading search-config defaults.
JavaScript error: resource://gre/modules/TelemetryUtils.jsm, line 154: TypeError: date is undefined
1627881122876	Marionette	INFO	Listening on port 33297
1627881122992	Marionette	WARN	TLS certificate errors will be ignored for this session
1627881164965	Marionette	INFO	Stopped listening on port 33297
1627881167276	Marionette	INFO	Stopped listening on port 40633
1627881169014	Marionette	INFO	Stopped listening on port 37125
1627881171193	Marionette	INFO	Stopped listening on port 34615
1627881217097	geckodriver	INFO	Listening on 127.0.0.1:57387
1627881217105	mozrunner::runner	INFO	Running command: "/usr/bin/firefox" "--marionette" "-foreground" "-no-remote" "-profile" "/tmp/rust_mozprofileNBWcIF"
1627881218155	Marionette	INFO	Marionette enabled
console.info: MINT: Trying to use the system region (based on LANG).
console.info: MINT: System region is US
console.warn: SearchSettings: "get: No settings file exists, new profile?" (new NotFoundError("Could not open the file at /tmp/rust_mozprofileNBWcIF/search.json.mozlz4", (void 0)))
console.info: MINT: Loading search-config defaults.
JavaScript error: resource://gre/modules/TelemetryUtils.jsm, line 154: TypeError: date is undefined
1627881221230	Marionette	INFO	Listening on port 38469
1627881221374	Marionette	WARN	TLS certificate errors will be ignored for this session
1627881241580	Marionette	INFO	Stopped listening on port 38469
1627881311160	geckodriver	INFO	Listening on 127.0.0.1:60635
1627881311167	mozrunner::runner	INFO	Running command: "/usr/bin/firefox" "--marionette" "-foreground" "-no-remote" "-profile" "/tmp/rust_mozprofileRu5ykv"
1627881312008	Marionette	INFO	Marionette enabled
console.info: MINT: Trying to use the system region (based on LANG).
console.info: MINT: System region is US
console.warn: SearchSettings: "get: No settings file exists, new profile?" (new NotFoundError("Could not open the file at /tmp/rust_mozprofileRu5ykv/search.json.mozlz4", (void 0)))
console.info: MINT: Loading search-config defaults.
JavaScript error: resource://gre/modules/TelemetryUtils.jsm, line 154: TypeError: date is undefined
1627881314522	Marionette	INFO	Listening on port 35029
1627881314618	Marionette	WARN	TLS certificate errors will be ignored for this session
1627881457794	geckodriver	INFO	Listening on 127.0.0.1:35331
1627881457801	mozrunner::runner	INFO	Running command: "/usr/bin/firefox" "--marionette" "-foreground" "-no-remote" "-profile" "/tmp/rust_mozprofileRj3z1p"
1627881458712	Marionette	INFO	Marionette enabled
console.info: MINT: Trying to use the system region (based on LANG).
console.info: MINT: System region is US
console.warn: SearchSettings: "get: No settings file exists, new profile?" (new NotFoundError("Could not open the file at /tmp/rust_mozprofileRj3z1p/search.json.mozlz4", (void 0)))
console.info: MINT: Loading search-config defaults.
JavaScript error: resource://gre/modules/TelemetryUtils.jsm, line 154: TypeError: date is undefined
1627881461326	Marionette	INFO	Listening on port 45161
1627881461453	Marionette	WARN	TLS certificate errors will be ignored for this session
1627881556778	geckodriver	INFO	Listening on 127.0.0.1:53009
1627881556785	mozrunner::runner	INFO	Running command: "/usr/bin/firefox" "--marionette" "-foreground" "-no-remote" "-profile" "/tmp/rust_mozprofilepOkeAG"
1627881557597	Marionette	INFO	Marionette enabled
console.info: MINT: Trying to use the system region (based on LANG).
console.info: MINT: System region is US
console.warn: SearchSettings: "get: No settings file exists, new profile?" (new NotFoundError("Could not open the file at /tmp/rust_mozprofilepOkeAG/search.json.mozlz4", (void 0)))
console.info: MINT: Loading search-config defaults.
JavaScript error: resource://gre/modules/TelemetryUtils.jsm, line 154: TypeError: date is undefined
1627881560401	Marionette	INFO	Listening on port 34573
1627881560533	Marionette	WARN	TLS certificate errors will be ignored for this session
console.error: services.settings: 
  main/doh-providers Signature failed  InvalidSignatureError: Invalid content signature (main/doh-providers)
console.error: services.settings: 
  main/doh-providers local data was corrupted
console.warn: services.settings: main/doh-providers Signature verified failed. Retry from scratch
console.error: services.settings: 
  main/doh-config Signature failed  InvalidSignatureError: Invalid content signature (main/doh-config)
console.error: services.settings: 
  main/doh-config local data was corrupted
console.warn: services.settings: main/doh-config Signature verified failed. Retry from scratch
console.info: MINT: main/search-config update being skipped
1627881593123	geckodriver	INFO	Listening on 127.0.0.1:39993
1627881593128	mozrunner::runner	INFO	Running command: "/usr/bin/firefox" "--marionette" "-foreground" "-no-remote" "-profile" "/tmp/rust_mozprofile6irKJ0"
1627881594091	Marionette	INFO	Marionette enabled
console.info: MINT: Trying to use the system region (based on LANG).
console.info: MINT: System region is US
console.warn: SearchSettings: "get: No settings file exists, new profile?" (new NotFoundError("Could not open the file at /tmp/rust_mozprofile6irKJ0/search.json.mozlz4", (void 0)))
console.info: MINT: Loading search-config defaults.
JavaScript error: resource://gre/modules/TelemetryUtils.jsm, line 154: TypeError: date is undefined
1627881596880	Marionette	INFO	Listening on port 35047
1627881596982	Marionette	WARN	TLS certificate errors will be ignored for this session
1627881629116	Marionette	INFO	Stopped listening on port 35047
1627881631460	Marionette	INFO	Stopped listening on port 34573

###!!! [Parent][RunMessage] Error: Channel closing: too late to send/recv, messages will be lost

JavaScript error: , line 0: TypeError: NetworkError when attempting to fetch resource.
JavaScript error: , line 0: TypeError: NetworkError when attempting to fetch resource.
JavaScript error: , line 0: TypeError: NetworkError when attempting to fetch resource.
JavaScript error: , line 0: TypeError: NetworkError when attempting to fetch resource.
JavaScript error: , line 0: TypeError: NetworkError when attempting to fetch resource.
1627881633404	Marionette	INFO	Stopped listening on port 45161
1627881637049	Marionette	INFO	Stopped listening on port 35029

###!!! [Parent][RunMessage] Error: Channel closing: too late to send/recv, messages will be lost

1627881658728	geckodriver	INFO	Listening on 127.0.0.1:55235
1627881659736	mozrunner::runner	INFO	Running command: "/usr/bin/firefox" "--marionette" "-foreground" "-no-remote" "-profile" "/tmp/rust_mozprofilexxgMjz"
1627881660605	Marionette	INFO	Marionette enabled
console.info: MINT: Trying to use the system region (based on LANG).
console.info: MINT: System region is US
console.warn: SearchSettings: "get: No settings file exists, new profile?" (new NotFoundError("Could not open the file at /tmp/rust_mozprofilexxgMjz/search.json.mozlz4", (void 0)))
console.info: MINT: Loading search-config defaults.
JavaScript error: resource://gre/modules/TelemetryUtils.jsm, line 154: TypeError: date is undefined
1627881663171	Marionette	INFO	Listening on port 42235
1627881663287	Marionette	WARN	TLS certificate errors will be ignored for this session
1627881756003	geckodriver	INFO	Listening on 127.0.0.1:55987
1627881756009	mozrunner::runner	INFO	Running command: "/usr/bin/firefox" "--marionette" "-foreground" "-no-remote" "-profile" "/tmp/rust_mozprofilePkKcZP"
1627881756868	Marionette	INFO	Marionette enabled
console.info: MINT: Trying to use the system region (based on LANG).
console.info: MINT: System region is US
console.warn: SearchSettings: "get: No settings file exists, new profile?" (new NotFoundError("Could not open the file at /tmp/rust_mozprofilePkKcZP/search.json.mozlz4", (void 0)))
console.info: MINT: Loading search-config defaults.
JavaScript error: resource://gre/modules/TelemetryUtils.jsm, line 154: TypeError: date is undefined
1627881759388	Marionette	INFO	Listening on port 45169
1627881759469	Marionette	WARN	TLS certificate errors will be ignored for this session
1627881858349	geckodriver	INFO	Listening on 127.0.0.1:60643
1627881859353	mozrunner::runner	INFO	Running command: "/usr/bin/firefox" "--marionette" "-foreground" "-no-remote" "-profile" "/tmp/rust_mozprofileRT7djP"
1627881860164	Marionette	INFO	Marionette enabled
console.info: MINT: Trying to use the system region (based on LANG).
console.info: MINT: System region is US
console.warn: SearchSettings: "get: No settings file exists, new profile?" (new NotFoundError("Could not open the file at /tmp/rust_mozprofileRT7djP/search.json.mozlz4", (void 0)))
console.info: MINT: Loading search-config defaults.
JavaScript error: resource://gre/modules/TelemetryUtils.jsm, line 154: TypeError: date is undefined
1627881862727	Marionette	INFO	Listening on port 46789
1627881862814	Marionette	WARN	TLS certificate errors will be ignored for this session
Exiting due to channel error.
Exiting due to channel error.
Exiting due to channel error.
1627881875369	geckodriver	INFO	Listening on 127.0.0.1:40973
1627881875376	mozrunner::runner	INFO	Running command: "/usr/bin/firefox" "--marionette" "-foreground" "-no-remote" "-profile" "/tmp/rust_mozprofilevE31rV"
1627881876376	Marionette	INFO	Marionette enabled
console.info: MINT: Trying to use the system region (based on LANG).
console.info: MINT: System region is US
console.warn: SearchSettings: "get: No settings file exists, new profile?" (new NotFoundError("Could not open the file at /tmp/rust_mozprofilevE31rV/search.json.mozlz4", (void 0)))
console.info: MINT: Loading search-config defaults.
JavaScript error: resource://gre/modules/TelemetryUtils.jsm, line 154: TypeError: date is undefined
1627881879195	Marionette	INFO	Listening on port 33549
1627881879341	Marionette	WARN	TLS certificate errors will be ignored for this session
1627881887481	Marionette	INFO	Stopped listening on port 33549
1627881889255	Marionette	INFO	Stopped listening on port 45169

###!!! [Parent][RunMessage] Error: Channel closing: too late to send/recv, messages will be lost

console.error: services.settings: 
  main/doh-providers Signature failed  InvalidSignatureError: Invalid content signature (main/doh-providers)
console.error: services.settings: 
  main/doh-providers local data was corrupted
console.warn: services.settings: main/doh-providers Signature verified failed. Retry from scratch
console.error: services.settings: 
  main/doh-config Signature failed  InvalidSignatureError: Invalid content signature (main/doh-config)
console.error: services.settings: 
  main/doh-config local data was corrupted
console.warn: services.settings: main/doh-config Signature verified failed. Retry from scratch
console.info: MINT: main/search-config update being skipped
JavaScript error: https://pagead2.googlesyndication.com/pagead/js/adsbygoogle.js?client=ca-pub-4989741628450044, line 69: uncaught exception: TagError: adsbygoogle.push() error: Only one AdSense head tag supported per page. The second tag is ignored.
JavaScript error: https://pagead2.googlesyndication.com/pagead/js/adsbygoogle.js?client=ca-pub-4989741628450044, line 69: uncaught exception: TagError: adsbygoogle.push() error: Only one AdSense head tag supported per page. The second tag is ignored.
1627882008593	geckodriver	INFO	Listening on 127.0.0.1:54853
1627882008601	mozrunner::runner	INFO	Running command: "/usr/bin/firefox" "--marionette" "-foreground" "-no-remote" "-profile" "/tmp/rust_mozprofile3pIxbi"
1627882009629	Marionette	INFO	Marionette enabled
console.info: MINT: Trying to use the system region (based on LANG).
console.info: MINT: System region is US
console.warn: SearchSettings: "get: No settings file exists, new profile?" (new NotFoundError("Could not open the file at /tmp/rust_mozprofile3pIxbi/search.json.mozlz4", (void 0)))
console.info: MINT: Loading search-config defaults.
JavaScript error: resource://gre/modules/TelemetryUtils.jsm, line 154: TypeError: date is undefined
1627882013409	Marionette	INFO	Listening on port 35385
1627882013476	Marionette	WARN	TLS certificate errors will be ignored for this session
1627882036457	geckodriver	INFO	Listening on 127.0.0.1:57405
1627882036462	mozrunner::runner	INFO	Running command: "/usr/bin/firefox" "--marionette" "-foreground" "-no-remote" "-profile" "/tmp/rust_mozprofiledLczGo"
1627882037572	Marionette	INFO	Marionette enabled
console.info: MINT: Trying to use the system region (based on LANG).
console.info: MINT: System region is US
console.warn: SearchSettings: "get: No settings file exists, new profile?" (new NotFoundError("Could not open the file at /tmp/rust_mozprofiledLczGo/search.json.mozlz4", (void 0)))
console.info: MINT: Loading search-config defaults.
JavaScript error: resource://gre/modules/TelemetryUtils.jsm, line 154: TypeError: date is undefined
1627882040805	Marionette	INFO	Listening on port 38183
1627882040945	Marionette	WARN	TLS certificate errors will be ignored for this session
[Parent 32593, Main Thread] WARNING: FileDescriptorSet destroyed with unconsumed descriptors: file /PROJECT/firefox-90.0.2+linuxmint1+uma/ipc/chromium/src/chrome/common/file_descriptor_set_posix.cc:19
[Parent 32593, Main Thread] WARNING: FileDescriptorSet destroyed with unconsumed descriptors: file /PROJECT/firefox-90.0.2+linuxmint1+uma/ipc/chromium/src/chrome/common/file_descriptor_set_posix.cc:19
Exiting due to channel error.
Exiting due to channel error.
Exiting due to channel error.
console.log: WebExtensions: reset-default-search: starting.
console.log: WebExtensions: reset-default-search: No addons in our list are installed.
1627882051184	geckodriver	INFO	Listening on 127.0.0.1:46229
1627882051197	mozrunner::runner	INFO	Running command: "/usr/bin/firefox" "--marionette" "-foreground" "-no-remote" "-profile" "/tmp/rust_mozprofileGrvzLd"
1627882052105	Marionette	INFO	Marionette enabled
console.info: MINT: Trying to use the system region (based on LANG).
console.info: MINT: System region is US
console.warn: SearchSettings: "get: No settings file exists, new profile?" (new NotFoundError("Could not open the file at /tmp/rust_mozprofileGrvzLd/search.json.mozlz4", (void 0)))
console.info: MINT: Loading search-config defaults.
JavaScript error: resource://gre/modules/TelemetryUtils.jsm, line 154: TypeError: date is undefined
1627882055330	Marionette	INFO	Listening on port 40165
1627882055454	Marionette	WARN	TLS certificate errors will be ignored for this session
console.error: services.settings: 
  main/doh-providers Signature failed  InvalidSignatureError: Invalid content signature (main/doh-providers)
console.error: services.settings: 
  main/doh-providers local data was corrupted
console.warn: services.settings: main/doh-providers Signature verified failed. Retry from scratch
console.error: services.settings: 
  main/doh-config Signature failed  InvalidSignatureError: Invalid content signature (main/doh-config)
console.error: services.settings: 
  main/doh-config local data was corrupted
console.warn: services.settings: main/doh-config Signature verified failed. Retry from scratch
console.info: MINT: main/search-config update being skipped
console.error: services.settings: 
  main/doh-providers Signature failed  InvalidSignatureError: Invalid content signature (main/doh-providers)
console.error: services.settings: 
  main/doh-providers local data was corrupted
console.warn: services.settings: main/doh-providers Signature verified failed. Retry from scratch
console.error: services.settings: 
  main/doh-config Signature failed  InvalidSignatureError: Invalid content signature (main/doh-config)
console.error: services.settings: 
  main/doh-config local data was corrupted
console.warn: services.settings: main/doh-config Signature verified failed. Retry from scratch
console.info: MINT: main/search-config update being skipped
JavaScript error: https://cdn.spotxcdn.com/integration/ados/v1/ados.js, line 78: NS_ERROR_NOT_INITIALIZED: 
console.log: WebExtensions: reset-default-search: starting.
console.log: WebExtensions: reset-default-search: No addons in our list are installed.
1627882433096	geckodriver	INFO	Listening on 127.0.0.1:59685
1627882433102	mozrunner::runner	INFO	Running command: "/usr/bin/firefox" "--marionette" "-foreground" "-no-remote" "-profile" "/tmp/rust_mozprofilejUVCAp"
1627882434241	Marionette	INFO	Marionette enabled
console.info: MINT: Trying to use the system region (based on LANG).
console.info: MINT: System region is US
console.warn: SearchSettings: "get: No settings file exists, new profile?" (new NotFoundError("Could not open the file at /tmp/rust_mozprofilejUVCAp/search.json.mozlz4", (void 0)))
console.info: MINT: Loading search-config defaults.
JavaScript error: resource://gre/modules/TelemetryUtils.jsm, line 154: TypeError: date is undefined
1627882437919	Marionette	INFO	Listening on port 40919
1627882437999	Marionette	WARN	TLS certificate errors will be ignored for this session
console.log: WebExtensions: reset-default-search: starting.
console.log: WebExtensions: reset-default-search: No addons in our list are installed.
1627882529225	geckodriver	INFO	Listening on 127.0.0.1:47933
1627882530230	mozrunner::runner	INFO	Running command: "/usr/bin/firefox" "--marionette" "-foreground" "-no-remote" "-profile" "/tmp/rust_mozprofilebpUkxJ"
1627882531374	Marionette	INFO	Marionette enabled
console.info: MINT: Trying to use the system region (based on LANG).
console.info: MINT: System region is US
console.warn: SearchSettings: "get: No settings file exists, new profile?" (new NotFoundError("Could not open the file at /tmp/rust_mozprofilebpUkxJ/search.json.mozlz4", (void 0)))
console.info: MINT: Loading search-config defaults.
JavaScript error: resource://gre/modules/TelemetryUtils.jsm, line 154: TypeError: date is undefined
1627882534578	Marionette	INFO	Listening on port 40495
1627882534685	Marionette	WARN	TLS certificate errors will be ignored for this session
JavaScript error: https://tag.idsync.analytics.yahoo.com/sp-frame.html?referrer=, line 1: SecurityError: The operation is insecure.
JavaScript error: https://cdn.spotxcdn.com/integration/ados/v1/ados.js, line 78: NS_ERROR_NOT_INITIALIZED: 
console.error: services.settings: 
  main/doh-providers Signature failed  InvalidSignatureError: Invalid content signature (main/doh-providers)
console.error: services.settings: 
  main/doh-providers local data was corrupted
console.warn: services.settings: main/doh-providers Signature verified failed. Retry from scratch
console.error: services.settings: 
  main/doh-config Signature failed  InvalidSignatureError: Invalid content signature (main/doh-config)
console.error: services.settings: 
  main/doh-config local data was corrupted
console.warn: services.settings: main/doh-config Signature verified failed. Retry from scratch
console.info: MINT: main/search-config update being skipped
JavaScript error: https://cdn.spotxcdn.com/integration/ados/v1/ados.js, line 78: NS_ERROR_NOT_INITIALIZED: 
1627954286526	geckodriver	INFO	Listening on 127.0.0.1:39399
1627954287528	mozrunner::runner	INFO	Running command: "/usr/bin/firefox" "--marionette" "-foreground" "-no-remote" "-profile" "/tmp/rust_mozprofileD18hAt"
1627954289051	Marionette	INFO	Marionette enabled
console.error: services.settings: 
  main/doh-providers Signature failed  InvalidSignatureError: Invalid content signature (main/doh-providers)
console.error: services.settings: 
  main/doh-providers local data was corrupted
console.warn: services.settings: main/doh-providers Signature verified failed. Retry from scratch
console.error: services.settings: 
  main/doh-config Signature failed  InvalidSignatureError: Invalid content signature (main/doh-config)
console.error: services.settings: 
  main/doh-config local data was corrupted
console.warn: services.settings: main/doh-config Signature verified failed. Retry from scratch
console.info: MINT: main/search-config update being skipped
console.info: MINT: Trying to use the system region (based on LANG).
console.info: MINT: System region is US
console.warn: SearchSettings: "get: No settings file exists, new profile?" (new NotFoundError("Could not open the file at /tmp/rust_mozprofileD18hAt/search.json.mozlz4", (void 0)))
console.info: MINT: Loading search-config defaults.
JavaScript error: resource://gre/modules/TelemetryUtils.jsm, line 154: TypeError: date is undefined
1627954294241	Marionette	INFO	Listening on port 37565
1627954294481	Marionette	WARN	TLS certificate errors will be ignored for this session
console.log: WebExtensions: reset-default-search: starting.
console.log: WebExtensions: reset-default-search: No addons in our list are installed.
1627954422809	Marionette	INFO	Stopped listening on port 37565
1627954425879	Marionette	INFO	Stopped listening on port 40495
1627954428658	Marionette	INFO	Stopped listening on port 40919
1627954434018	Marionette	INFO	Stopped listening on port 40165
1627954436512	Marionette	INFO	Stopped listening on port 35385
JavaScript error: , line 0: TypeError: NetworkError when attempting to fetch resource.
JavaScript error: , line 0: TypeError: NetworkError when attempting to fetch resource.
JavaScript error: , line 0: TypeError: NetworkError when attempting to fetch resource.
JavaScript error: , line 0: TypeError: NetworkError when attempting to fetch resource.
JavaScript error: , line 0: TypeError: NetworkError when attempting to fetch resource.
JavaScript error: , line 0: TypeError: NetworkError when attempting to fetch resource.
JavaScript error: , line 0: TypeError: NetworkError when attempting to fetch resource.
JavaScript error: , line 0: TypeError: NetworkError when attempting to fetch resource.

###!!! [Child][MessageChannel] Error: (msgtype=0x6B0025,name=PNecko::Msg_RemoveRequestContext) Channel closing: too late to send/recv, messages will be lost

1627954439942	Marionette	INFO	Stopped listening on port 42235
1627956368534	geckodriver	INFO	Listening on 127.0.0.1:39263
1627956369537	mozrunner::runner	INFO	Running command: "/usr/bin/firefox" "--marionette" "-foreground" "-no-remote" "-profile" "/tmp/rust_mozprofileRuMGOV"
1627956370469	Marionette	INFO	Marionette enabled
console.info: MINT: Trying to use the system region (based on LANG).
console.info: MINT: System region is US
console.warn: SearchSettings: "get: No settings file exists, new profile?" (new NotFoundError("Could not open the file at /tmp/rust_mozprofileRuMGOV/search.json.mozlz4", (void 0)))
console.info: MINT: Loading search-config defaults.
JavaScript error: resource://gre/modules/TelemetryUtils.jsm, line 154: TypeError: date is undefined
1627956373127	Marionette	INFO	Listening on port 41475
1627956373205	Marionette	WARN	TLS certificate errors will be ignored for this session
1627956416454	Marionette	INFO	Stopped listening on port 41475
1627956417765	geckodriver	INFO	Listening on 127.0.0.1:38331
1627956417771	mozrunner::runner	INFO	Running command: "/usr/bin/firefox" "--marionette" "-foreground" "-no-remote" "-profile" "/tmp/rust_mozprofileO4dvV5"
1627956418728	Marionette	INFO	Marionette enabled
console.info: MINT: Trying to use the system region (based on LANG).
console.info: MINT: System region is US
console.warn: SearchSettings: "get: No settings file exists, new profile?" (new NotFoundError("Could not open the file at /tmp/rust_mozprofileO4dvV5/search.json.mozlz4", (void 0)))
console.info: MINT: Loading search-config defaults.
JavaScript error: resource://gre/modules/TelemetryUtils.jsm, line 154: TypeError: date is undefined
1627956421366	Marionette	INFO	Listening on port 46793
1627956421422	Marionette	WARN	TLS certificate errors will be ignored for this session
JavaScript error: , line 0: TypeError: NetworkError when attempting to fetch resource.
JavaScript error: , line 0: TypeError: NetworkError when attempting to fetch resource.
JavaScript error: , line 0: TypeError: NetworkError when attempting to fetch resource.
JavaScript error: , line 0: TypeError: NetworkError when attempting to fetch resource.
JavaScript error: , line 0: TypeError: NetworkError when attempting to fetch resource.
JavaScript error: , line 0: TypeError: NetworkError when attempting to fetch resource.
JavaScript error: , line 0: TypeError: NetworkError when attempting to fetch resource.
JavaScript error: , line 0: TypeError: NetworkError when attempting to fetch resource.
JavaScript error: , line 0: TypeError: NetworkError when attempting to fetch resource.
JavaScript error: , line 0: TypeError: NetworkError when attempting to fetch resource.

###!!! [Parent][MessageChannel] Error: (msgtype=0x390079,name=PContent::Msg_DestroyBrowsingContextGroup) Closed channel: cannot send/recv

1627956635051	Marionette	INFO	Stopped listening on port 46793

###!!! [Parent][RunMessage] Error: Channel closing: too late to send/recv, messages will be lost

1627956649823	geckodriver	INFO	Listening on 127.0.0.1:35631
1627956649837	mozrunner::runner	INFO	Running command: "/usr/bin/firefox" "--marionette" "-foreground" "-no-remote" "-profile" "/tmp/rust_mozprofileLzrtov"
1627956650795	Marionette	INFO	Marionette enabled
console.info: MINT: Trying to use the system region (based on LANG).
console.info: MINT: System region is US
console.warn: SearchSettings: "get: No settings file exists, new profile?" (new NotFoundError("Could not open the file at /tmp/rust_mozprofileLzrtov/search.json.mozlz4", (void 0)))
console.info: MINT: Loading search-config defaults.
JavaScript error: resource://gre/modules/TelemetryUtils.jsm, line 154: TypeError: date is undefined
1627956653240	Marionette	INFO	Listening on port 41785
1627956653316	Marionette	WARN	TLS certificate errors will be ignored for this session
1627956711506	Marionette	INFO	Stopped listening on port 41785
1627956995070	geckodriver	INFO	Listening on 127.0.0.1:37163
1627956995076	mozrunner::runner	INFO	Running command: "/usr/bin/firefox" "--marionette" "-foreground" "-no-remote" "-profile" "/tmp/rust_mozprofileFTqXJm"
1627956995950	Marionette	INFO	Marionette enabled
console.info: MINT: Trying to use the system region (based on LANG).
console.info: MINT: System region is US
console.warn: SearchSettings: "get: No settings file exists, new profile?" (new NotFoundError("Could not open the file at /tmp/rust_mozprofileFTqXJm/search.json.mozlz4", (void 0)))
console.info: MINT: Loading search-config defaults.
JavaScript error: resource://gre/modules/TelemetryUtils.jsm, line 154: TypeError: date is undefined
1627956998395	Marionette	INFO	Listening on port 43743
1627956998521	Marionette	WARN	TLS certificate errors will be ignored for this session
1627957093909	Marionette	INFO	Stopped listening on port 43743

###!!! [Parent][RunMessage] Error: Channel closing: too late to send/recv, messages will be lost

1628223260234	geckodriver	INFO	Listening on 127.0.0.1:48235
1628223261235	mozrunner::runner	INFO	Running command: "/usr/bin/firefox" "--marionette" "-foreground" "-no-remote" "-profile" "/tmp/rust_mozprofileXLrO8o"
1628223263585	Marionette	INFO	Marionette enabled
console.info: MINT: Trying to use the system region (based on LANG).
console.info: MINT: System region is US
console.warn: SearchSettings: "get: No settings file exists, new profile?" (new NotFoundError("Could not open the file at /tmp/rust_mozprofileXLrO8o/search.json.mozlz4", (void 0)))
console.info: MINT: Loading search-config defaults.
JavaScript error: resource://gre/modules/TelemetryUtils.jsm, line 154: TypeError: date is undefined
1628223266735	Marionette	INFO	Listening on port 41229
1628223266838	Marionette	WARN	TLS certificate errors will be ignored for this session
1628223315196	Marionette	INFO	Stopped listening on port 41229
1628223492054	geckodriver	INFO	Listening on 127.0.0.1:36827
1628223492060	mozrunner::runner	INFO	Running command: "/usr/bin/firefox" "--marionette" "-foreground" "-no-remote" "-profile" "/tmp/rust_mozprofiledWd3aW"
1628223493010	Marionette	INFO	Marionette enabled
console.info: MINT: Trying to use the system region (based on LANG).
console.info: MINT: System region is US
console.warn: SearchSettings: "get: No settings file exists, new profile?" (new NotFoundError("Could not open the file at /tmp/rust_mozprofiledWd3aW/search.json.mozlz4", (void 0)))
console.info: MINT: Loading search-config defaults.
JavaScript error: resource://gre/modules/TelemetryUtils.jsm, line 154: TypeError: date is undefined
1628223495896	Marionette	INFO	Listening on port 36629
1628223496023	Marionette	WARN	TLS certificate errors will be ignored for this session
1628223621058	geckodriver	INFO	Listening on 127.0.0.1:33821
1628223621065	mozrunner::runner	INFO	Running command: "/usr/bin/firefox" "--marionette" "-foreground" "-no-remote" "-profile" "/tmp/rust_mozprofileSi2ELJ"
1628223621874	Marionette	INFO	Marionette enabled
console.info: MINT: Trying to use the system region (based on LANG).
console.info: MINT: System region is US
console.warn: SearchSettings: "get: No settings file exists, new profile?" (new NotFoundError("Could not open the file at /tmp/rust_mozprofileSi2ELJ/search.json.mozlz4", (void 0)))
console.info: MINT: Loading search-config defaults.
JavaScript error: resource://gre/modules/TelemetryUtils.jsm, line 154: TypeError: date is undefined
1628223624417	Marionette	INFO	Listening on port 42381
1628223624514	Marionette	WARN	TLS certificate errors will be ignored for this session
JavaScript error: resource://devtools/server/actors/network-monitor/network-event-actor.js, line 108: Error: Got a request https://fonts.googleapis.com/css?family=Open+Sans:400,700 without a browsingContextID set
JavaScript error: resource://devtools/server/actors/network-monitor/network-event-actor.js, line 108: Error: Got a request https://fonts.googleapis.com/css?family=Ubuntu:500 without a browsingContextID set
JavaScript error: resource://devtools/server/actors/network-monitor/network-event-actor.js, line 108: Error: Got a request https://fonts.googleapis.com/css?family=Oswald without a browsingContextID set
JavaScript error: resource://devtools/server/actors/network-monitor/network-event-actor.js, line 108: Error: Got a request https://www.gamo2.com/en/var/cache/misc/statics/design/themes/classyshop/css/standalone.4b3e09f9e6809a15e7c42ebee34acc371556415072.css without a browsingContextID set
console.error: services.settings: 
  main/doh-providers Signature failed  InvalidSignatureError: Invalid content signature (main/doh-providers)
console.error: services.settings: 
  main/doh-providers local data was corrupted
console.warn: services.settings: main/doh-providers Signature verified failed. Retry from scratch
console.error: services.settings: 
  main/doh-config Signature failed  InvalidSignatureError: Invalid content signature (main/doh-config)
console.error: services.settings: 
  main/doh-config local data was corrupted
console.warn: services.settings: main/doh-config Signature verified failed. Retry from scratch
console.info: MINT: main/search-config update being skipped
1628223864386	geckodriver	INFO	Listening on 127.0.0.1:34531
1628223864393	mozrunner::runner	INFO	Running command: "/usr/bin/firefox" "--marionette" "-foreground" "-no-remote" "-profile" "/tmp/rust_mozprofileVqwoO3"
1628223865263	Marionette	INFO	Marionette enabled
console.info: MINT: Trying to use the system region (based on LANG).
console.info: MINT: System region is US
console.warn: SearchSettings: "get: No settings file exists, new profile?" (new NotFoundError("Could not open the file at /tmp/rust_mozprofileVqwoO3/search.json.mozlz4", (void 0)))
console.info: MINT: Loading search-config defaults.
JavaScript error: resource://gre/modules/TelemetryUtils.jsm, line 154: TypeError: date is undefined
1628223868141	Marionette	INFO	Listening on port 37105
1628223868252	Marionette	WARN	TLS certificate errors will be ignored for this session
console.log: WebExtensions: reset-default-search: starting.
console.log: WebExtensions: reset-default-search: No addons in our list are installed.
console.error: services.settings: 
  main/doh-providers Signature failed  InvalidSignatureError: Invalid content signature (main/doh-providers)
console.error: services.settings: 
  main/doh-providers local data was corrupted
console.warn: services.settings: main/doh-providers Signature verified failed. Retry from scratch
console.error: services.settings: 
  main/doh-config Signature failed  InvalidSignatureError: Invalid content signature (main/doh-config)
console.error: services.settings: 
  main/doh-config local data was corrupted
console.warn: services.settings: main/doh-config Signature verified failed. Retry from scratch
console.info: MINT: main/search-config update being skipped
